Using pre-set license
Built from '2020.3/staging' branch; Version is '2020.3.5f1 (8095aa901b9b) revision 8426922'; Using compiler version '192528614'; Build Type 'Release'
OS: 'Windows 10 Home; OS build 19043.1348; Version 2009; 64bit' Language: 'en' Physical Memory: 16281 MB
BatchMode: 1, IsHumanControllingUs: 0, StartBugReporterOnCrash: 0, Is64bit: 1, IsPro: 0

 COMMAND LINE ARGUMENTS:
C:\Unity Hub Editor Path\2020.3.5f1\Editor\Unity.exe
-adb2
-batchMode
-noUpm
-name
AssetImportWorker0
-projectPath
D:/Unity Projects/Oculus Hand Tracking Test/Oculus-Hand-Tracking/Hand Tracking 2
-logFile
Logs/AssetImportWorker0.log
-srvPort
62422
Successfully changed project path to: D:/Unity Projects/Oculus Hand Tracking Test/Oculus-Hand-Tracking/Hand Tracking 2
D:/Unity Projects/Oculus Hand Tracking Test/Oculus-Hand-Tracking/Hand Tracking 2
Using Asset Import Pipeline V2.
Refreshing native plugins compatible for Editor in 45.76 ms, found 4 plugins.
Preloading 1 native plugins for Editor in 0.65 ms.
Initialize engine version: 2020.3.5f1 (8095aa901b9b)
[Subsystems] Discovering subsystems at path C:/Unity Hub Editor Path/2020.3.5f1/Editor/Data/Resources/UnitySubsystems
[Subsystems] Discovering subsystems at path D:/Unity Projects/Oculus Hand Tracking Test/Oculus-Hand-Tracking/Hand Tracking 2/Assets
GfxDevice: creating device client; threaded=0
Direct3D:
    Version:  Direct3D 11.0 [level 11.1]
    Renderer: NVIDIA GeForce RTX 3070 (ID=0x2484)
    Vendor:   
    VRAM:     8043 MB
    Driver:   30.0.14.9649
Shader 'Oculus/OVRMRCameraFrameLit': fallback shader 'Alpha-Diffuse' not found
Initialize mono
Mono path[0] = 'C:/Unity Hub Editor Path/2020.3.5f1/Editor/Data/Managed'
Mono path[1] = 'C:/Unity Hub Editor Path/2020.3.5f1/Editor/Data/MonoBleedingEdge/lib/mono/unityjit'
Mono config path = 'C:/Unity Hub Editor Path/2020.3.5f1/Editor/Data/MonoBleedingEdge/etc'
Using monoOptions --debugger-agent=transport=dt_socket,embedding=1,server=y,suspend=n,address=127.0.0.1:56248
Begin MonoManager ReloadAssembly
Registering precompiled unity dll's ...
Register platform support module: C:/Unity Hub Editor Path/2020.3.5f1/Editor/Data/PlaybackEngines/WebGLSupport/UnityEditor.WebGL.Extensions.dll
Register platform support module: C:/Unity Hub Editor Path/2020.3.5f1/Editor/Data/PlaybackEngines/WindowsStandaloneSupport/UnityEditor.WindowsStandalone.Extensions.dll
Registered in 0.002161 seconds.
Native extension for WindowsStandalone target not found
Native extension for WebGL target not found
Refreshing native plugins compatible for Editor in 38.18 ms, found 4 plugins.
Preloading 1 native plugins for Editor in 0.03 ms.
Mono: successfully reloaded assembly
- Completed reload, in  1.643 seconds
Platform modules already initialized, skipping
Registering precompiled user dll's ...
Registered in 0.002181 seconds.
Begin MonoManager ReloadAssembly
Native extension for WindowsStandalone target not found
Native extension for WebGL target not found
Refreshing native plugins compatible for Editor in 0.56 ms, found 4 plugins.
Preloading 1 native plugins for Editor in 0.03 ms.
[XR] OculusXRPlugin: registering subsystems
[XR] Unable to register display lifecyle provider: [1]
[XR] Oculus Input lifecycle provider registered.
[XR] Unable to register input lifecyle provider: [1]
[XR] OVRP version 1.66.0
Mono: successfully reloaded assembly
- Completed reload, in  0.710 seconds
Platform modules already initialized, skipping
========================================================================
Worker process is ready to serve import requests
Shader 'Oculus/OVRMRCameraFrameLit': fallback shader 'Alpha-Diffuse' not found
Launched and connected shader compiler UnityShaderCompiler.exe after 0.03 seconds
Refreshing native plugins compatible for Editor in 0.54 ms, found 4 plugins.
Preloading 1 native plugins for Editor in 0.03 ms.
Unloading 1963 Unused Serialized files (Serialized files now loaded: 0)
System memory in use before: 96.2 MB.
System memory in use after: 96.3 MB.

Unloading 37 unused Assets to reduce memory usage. Loaded Objects now: 2392.
Total: 1.869400 ms (FindLiveObjects: 0.225000 ms CreateObjectMapping: 0.162400 ms MarkObjects: 1.408800 ms  DeleteObjects: 0.072600 ms)

========================================================================
Received Import Request.
  path: Assets/Visualizer.prefab
  artifactKey: Guid(9c8516824bbb56c40b4f1289569b42a6) Importer(815301076,1909f56bfc062723c751e8b465ee728b)
Start importing Assets/Visualizer.prefab using Guid(9c8516824bbb56c40b4f1289569b42a6) Importer(815301076,1909f56bfc062723c751e8b465ee728b)  -> (artifact id: '3cafdf0a077f74a777766167b3a44ab4') in 0.029028 seconds
  Import took 0.040789 seconds .

========================================================================
Received Import Request.
  Time since last request: 0.000320 seconds.
  path: Assets/UniOSC
  artifactKey: Guid(0e440e522330d2f438babeeca7de22c9) Importer(815301076,1909f56bfc062723c751e8b465ee728b)
Start importing Assets/UniOSC using Guid(0e440e522330d2f438babeeca7de22c9) Importer(815301076,1909f56bfc062723c751e8b465ee728b)  -> (artifact id: '312bd3f0ee7191353afa21b8c640da59') in 0.003511 seconds
  Import took 0.017450 seconds .

========================================================================
Received Import Request.
  Time since last request: 1.628681 seconds.
  path: Assets/UniOSC/Examples
  artifactKey: Guid(30210ca10ef12e94cb382082650ae3c5) Importer(815301076,1909f56bfc062723c751e8b465ee728b)
Start importing Assets/UniOSC/Examples using Guid(30210ca10ef12e94cb382082650ae3c5) Importer(815301076,1909f56bfc062723c751e8b465ee728b)  -> (artifact id: '03628a7da88c33fdd8076e644a0f2213') in 0.007294 seconds
  Import took 0.010150 seconds .

========================================================================
Received Import Request.
  Time since last request: 0.781480 seconds.
  path: Assets/UniOSC/Examples/Scenes
  artifactKey: Guid(3a784425de15b5549894ee9cd9552464) Importer(815301076,1909f56bfc062723c751e8b465ee728b)
Start importing Assets/UniOSC/Examples/Scenes using Guid(3a784425de15b5549894ee9cd9552464) Importer(815301076,1909f56bfc062723c751e8b465ee728b)  -> (artifact id: 'b033841f9f2d1353bacf11ff2d7d926a') in 0.012035 seconds
  Import took 0.014678 seconds .

========================================================================
Received Import Request.
  Time since last request: 1.106760 seconds.
  path: Assets/UniOSC/Examples/Scenes/UniOSC.BasicSetup.unity
  artifactKey: Guid(5eab1661cb1c56a49a3a7dc991d1481a) Importer(815301076,1909f56bfc062723c751e8b465ee728b)
Start importing Assets/UniOSC/Examples/Scenes/UniOSC.BasicSetup.unity using Guid(5eab1661cb1c56a49a3a7dc991d1481a) Importer(815301076,1909f56bfc062723c751e8b465ee728b)  -> (artifact id: 'd2bf9e04dba160771cf487b39e6a8f40') in 0.022219 seconds
  Import took 0.093420 seconds .

========================================================================
Received Prepare
Shader 'Oculus/OVRMRCameraFrameLit': fallback shader 'Alpha-Diffuse' not found
Refreshing native plugins compatible for Editor in 5.65 ms, found 4 plugins.
Preloading 1 native plugins for Editor in 0.03 ms.
Unloading 29 Unused Serialized files (Serialized files now loaded: 0)
System memory in use before: 53.3 MB.
System memory in use after: 53.4 MB.

Unloading 29 unused Assets to reduce memory usage. Loaded Objects now: 2392.
Total: 1.784700 ms (FindLiveObjects: 0.163100 ms CreateObjectMapping: 0.062300 ms MarkObjects: 1.507500 ms  DeleteObjects: 0.051000 ms)

========================================================================
Received Import Request.
  Time since last request: 331.862794 seconds.
  path: Assets/UniOSC/Scripts/Example.Components/UniOSCChangeColor.cs
  artifactKey: Guid(81e39912a37996d44ae56c110abba92d) Importer(815301076,1909f56bfc062723c751e8b465ee728b)
Start importing Assets/UniOSC/Scripts/Example.Components/UniOSCChangeColor.cs using Guid(81e39912a37996d44ae56c110abba92d) Importer(815301076,1909f56bfc062723c751e8b465ee728b)  -> (artifact id: '0173a970511ae9861d056cd8d186a254') in 0.005479 seconds
  Import took 0.008547 seconds .

========================================================================
Received Import Request.
  Time since last request: 0.017454 seconds.
  path: Assets/UniOSC/Scripts/Example.Components/UniOSCChangeColor.cs
  artifactKey: Guid(81e39912a37996d44ae56c110abba92d) Importer(815301076,1909f56bfc062723c751e8b465ee728b)
Start importing Assets/UniOSC/Scripts/Example.Components/UniOSCChangeColor.cs using Guid(81e39912a37996d44ae56c110abba92d) Importer(815301076,1909f56bfc062723c751e8b465ee728b)  -> (artifact id: '0173a970511ae9861d056cd8d186a254') in 0.089600 seconds
  Import took 0.092184 seconds .

========================================================================
Received Import Request.
  Time since last request: 0.758069 seconds.
  path: Assets/UniOSC/Scripts/Example.Components/UniOSCEventDispatcherButton.cs
  artifactKey: Guid(164d028530924524b9cabd107725252b) Importer(815301076,1909f56bfc062723c751e8b465ee728b)
Start importing Assets/UniOSC/Scripts/Example.Components/UniOSCEventDispatcherButton.cs using Guid(164d028530924524b9cabd107725252b) Importer(815301076,1909f56bfc062723c751e8b465ee728b)  -> (artifact id: 'e554e3e42c1882058d1d6e54970a98a6') in 0.018213 seconds
  Import took 0.048013 seconds .

========================================================================
Received Import Request.
  Time since last request: 0.502503 seconds.
  path: Assets/UniOSC/Scripts/Example.Components/UniOSCEventDispatcherImplementation.cs
  artifactKey: Guid(6c63b27f0ca5de84bb43c06871145b93) Importer(815301076,1909f56bfc062723c751e8b465ee728b)
Start importing Assets/UniOSC/Scripts/Example.Components/UniOSCEventDispatcherImplementation.cs using Guid(6c63b27f0ca5de84bb43c06871145b93) Importer(815301076,1909f56bfc062723c751e8b465ee728b)  -> (artifact id: '70517d2ed3da537e789a6b58a6534a38') in 0.010984 seconds
  Import took 0.026649 seconds .

========================================================================
Received Import Request.
  Time since last request: 0.477907 seconds.
  path: Assets/UniOSC/Scripts/Example.Components/UniOSCEventDispatcherMultiAddressSender.cs
  artifactKey: Guid(ea86cf8478820d845903ca1a3f4c5b54) Importer(815301076,1909f56bfc062723c751e8b465ee728b)
Start importing Assets/UniOSC/Scripts/Example.Components/UniOSCEventDispatcherMultiAddressSender.cs using Guid(ea86cf8478820d845903ca1a3f4c5b54) Importer(815301076,1909f56bfc062723c751e8b465ee728b)  -> (artifact id: '40369ed9c37f37a95dfd90375d8337bd') in 0.006548 seconds
  Import took 0.009246 seconds .

========================================================================
Received Import Request.
  Time since last request: 0.000607 seconds.
  path: Assets/UniOSC/Scripts/Example.Components/UniOSCEventDispatcherMultiAddressSender.cs
  artifactKey: Guid(ea86cf8478820d845903ca1a3f4c5b54) Importer(815301076,1909f56bfc062723c751e8b465ee728b)
Start importing Assets/UniOSC/Scripts/Example.Components/UniOSCEventDispatcherMultiAddressSender.cs using Guid(ea86cf8478820d845903ca1a3f4c5b54) Importer(815301076,1909f56bfc062723c751e8b465ee728b)  -> (artifact id: '40369ed9c37f37a95dfd90375d8337bd') in 0.003189 seconds
  Import took 0.005600 seconds .

========================================================================
Received Import Request.
  Time since last request: 1.152405 seconds.
  path: Assets/UniOSC/Scripts/Example.Components/UniOSCEventDispatcherMultiConnectionSender.cs
  artifactKey: Guid(8c2cb24ae61c1ef42ba6effafe6bea58) Importer(815301076,1909f56bfc062723c751e8b465ee728b)
Start importing Assets/UniOSC/Scripts/Example.Components/UniOSCEventDispatcherMultiConnectionSender.cs using Guid(8c2cb24ae61c1ef42ba6effafe6bea58) Importer(815301076,1909f56bfc062723c751e8b465ee728b)  -> (artifact id: 'd16a6f75611716a934f93be17c071832') in 0.003325 seconds
  Import took 0.103473 seconds .

========================================================================
Received Import Request.
  Time since last request: 0.487290 seconds.
  path: Assets/UniOSC/Scripts/Example.Components/UniOSCEventDispatcherSlider.cs
  artifactKey: Guid(f99a5c8fa974a42408539d0a640ca02e) Importer(815301076,1909f56bfc062723c751e8b465ee728b)
Start importing Assets/UniOSC/Scripts/Example.Components/UniOSCEventDispatcherSlider.cs using Guid(f99a5c8fa974a42408539d0a640ca02e) Importer(815301076,1909f56bfc062723c751e8b465ee728b)  -> (artifact id: '41e7174589b0607adec1510406344f81') in 0.003519 seconds
  Import took 0.103874 seconds .

========================================================================
Received Import Request.
  Time since last request: 0.408575 seconds.
  path: Assets/UniOSC/Scripts/Example.Components/UniOSCEventDispatcherToggle.cs
  artifactKey: Guid(20e3ddec5e191cf4c988a6bfb4605344) Importer(815301076,1909f56bfc062723c751e8b465ee728b)
Start importing Assets/UniOSC/Scripts/Example.Components/UniOSCEventDispatcherToggle.cs using Guid(20e3ddec5e191cf4c988a6bfb4605344) Importer(815301076,1909f56bfc062723c751e8b465ee728b)  -> (artifact id: '7cbf5974523a63d035516a42c726e9e4') in 0.003567 seconds
  Import took 0.139239 seconds .

========================================================================
Received Import Request.
  Time since last request: 0.463716 seconds.
  path: Assets/UniOSC/Scripts/Example.Components/UniOSCEventTargetImplementation.cs
  artifactKey: Guid(fdddfea70ae3b5743977235a614e4801) Importer(815301076,1909f56bfc062723c751e8b465ee728b)
Start importing Assets/UniOSC/Scripts/Example.Components/UniOSCEventTargetImplementation.cs using Guid(fdddfea70ae3b5743977235a614e4801) Importer(815301076,1909f56bfc062723c751e8b465ee728b)  -> (artifact id: '13d7ab767e41cb728eccb41c1b80000e') in 0.003885 seconds
  Import took 0.134101 seconds .

========================================================================
Received Import Request.
  Time since last request: 0.558348 seconds.
  path: Assets/UniOSC/Scripts/Example.Components/UniOSCMoveGameObject.cs
  artifactKey: Guid(fd646febc1322af40aac9523cacd0278) Importer(815301076,1909f56bfc062723c751e8b465ee728b)
Start importing Assets/UniOSC/Scripts/Example.Components/UniOSCMoveGameObject.cs using Guid(fd646febc1322af40aac9523cacd0278) Importer(815301076,1909f56bfc062723c751e8b465ee728b)  -> (artifact id: 'c44f292473ad0a6e571bbc5f73f8e968') in 0.003919 seconds
  Import took 0.006588 seconds .

========================================================================
Received Import Request.
  Time since last request: 1.017962 seconds.
  path: Assets/UniOSC/Scripts/Example.Components/UniOSCRotateGameObject.cs
  artifactKey: Guid(fe8c09a55c062ae4ca1196750ed1293a) Importer(815301076,1909f56bfc062723c751e8b465ee728b)
Start importing Assets/UniOSC/Scripts/Example.Components/UniOSCRotateGameObject.cs using Guid(fe8c09a55c062ae4ca1196750ed1293a) Importer(815301076,1909f56bfc062723c751e8b465ee728b)  -> (artifact id: '73d790202c56ac1c7d4d816b824ab270') in 0.003493 seconds
  Import took 0.137909 seconds .

========================================================================
Received Import Request.
  Time since last request: 0.398632 seconds.
  path: Assets/UniOSC/Scripts/Example.Components/UniOSCRotateGameObjectTouchOSCGyro.cs
  artifactKey: Guid(47a247d7be39bc646b4f03787af3dde7) Importer(815301076,1909f56bfc062723c751e8b465ee728b)
Start importing Assets/UniOSC/Scripts/Example.Components/UniOSCRotateGameObjectTouchOSCGyro.cs using Guid(47a247d7be39bc646b4f03787af3dde7) Importer(815301076,1909f56bfc062723c751e8b465ee728b)  -> (artifact id: '982d64723cf0c73a1d5f906dcf407f9f') in 0.003315 seconds
  Import took 0.005941 seconds .

========================================================================
Received Import Request.
  Time since last request: 1.480607 seconds.
  path: Assets/UniOSC/Scripts/Example.Components/UniOSCScaleGameObject.cs
  artifactKey: Guid(5fae3254323af8942b5cbd9024cbc041) Importer(815301076,1909f56bfc062723c751e8b465ee728b)
Start importing Assets/UniOSC/Scripts/Example.Components/UniOSCScaleGameObject.cs using Guid(5fae3254323af8942b5cbd9024cbc041) Importer(815301076,1909f56bfc062723c751e8b465ee728b)  -> (artifact id: '2e0a8560de0366f9a40a08bca6f3b6a4') in 0.003609 seconds
  Import took 0.122394 seconds .

========================================================================
Received Import Request.
  Time since last request: 2.254364 seconds.
  path: Assets/UniOSC/Scripts/Example.Components/UniOSCToggle.cs
  artifactKey: Guid(7dea7199567b65b42bafc388033f6a4b) Importer(815301076,1909f56bfc062723c751e8b465ee728b)
Start importing Assets/UniOSC/Scripts/Example.Components/UniOSCToggle.cs using Guid(7dea7199567b65b42bafc388033f6a4b) Importer(815301076,1909f56bfc062723c751e8b465ee728b)  -> (artifact id: 'ddf88c245c9c6c230d2878c7e943efaf') in 0.052488 seconds
  Import took 0.104474 seconds .

========================================================================
Received Import Request.
  Time since last request: 0.903101 seconds.
  path: Assets/UniOSC/Scripts/Example.Components/UniOSCTransformSender.cs
  artifactKey: Guid(9d664b25961da79469eab7353b09ec79) Importer(815301076,1909f56bfc062723c751e8b465ee728b)
Start importing Assets/UniOSC/Scripts/Example.Components/UniOSCTransformSender.cs using Guid(9d664b25961da79469eab7353b09ec79) Importer(815301076,1909f56bfc062723c751e8b465ee728b)  -> (artifact id: '6605ce94959d22335cf3019542e7fde9') in 0.018378 seconds
  Import took 0.051999 seconds .

========================================================================
Received Import Request.
  Time since last request: 0.422143 seconds.
  path: Assets/UniOSC/Scripts/Example.Components/UniOSCUnityEvent_Receiver.cs
  artifactKey: Guid(cf53df216a4c16c42ac1c853ce4d7c06) Importer(815301076,1909f56bfc062723c751e8b465ee728b)
Start importing Assets/UniOSC/Scripts/Example.Components/UniOSCUnityEvent_Receiver.cs using Guid(cf53df216a4c16c42ac1c853ce4d7c06) Importer(815301076,1909f56bfc062723c751e8b465ee728b)  -> (artifact id: '347f4d5d04c83c4301d1f58a140c6be5') in 0.003547 seconds
  Import took 0.044301 seconds .

========================================================================
Received Import Request.
  Time since last request: 22.231746 seconds.
  path: Assets/Scenes/HandTracking.unity
  artifactKey: Guid(9fc0d4010bbf28b4594072e72b8655ab) Importer(815301076,1909f56bfc062723c751e8b465ee728b)
Start importing Assets/Scenes/HandTracking.unity using Guid(9fc0d4010bbf28b4594072e72b8655ab) Importer(815301076,1909f56bfc062723c751e8b465ee728b)  -> (artifact id: '24a2bbd9343ac748db60f38257f588f5') in 0.103758 seconds
  Import took 0.122142 seconds .

========================================================================
Received Import Request.
  Time since last request: 5.478076 seconds.
  path: Assets/UniOSC/Examples/Resources
  artifactKey: Guid(501f1fb6787e7124bbcf46d65f37df6d) Importer(815301076,1909f56bfc062723c751e8b465ee728b)
Start importing Assets/UniOSC/Examples/Resources using Guid(501f1fb6787e7124bbcf46d65f37df6d) Importer(815301076,1909f56bfc062723c751e8b465ee728b)  -> (artifact id: '157c91011619b571ea50741a2f0fe083') in 0.003373 seconds
  Import took 0.107856 seconds .

========================================================================
Received Import Request.
  Time since last request: 0.000344 seconds.
  path: Assets/UniOSC/Examples/Resources/logo256x64bg.png
  artifactKey: Guid(bbc9d2049a82c0449b0aa07a17c2fe66) Importer(815301076,1909f56bfc062723c751e8b465ee728b)
Start importing Assets/UniOSC/Examples/Resources/logo256x64bg.png using Guid(bbc9d2049a82c0449b0aa07a17c2fe66) Importer(815301076,1909f56bfc062723c751e8b465ee728b)  -> (artifact id: '16cc8201585f93104735581d50256e71') in 0.067762 seconds
  Import took 0.089519 seconds .

========================================================================
Received Import Request.
  Time since last request: 0.000310 seconds.
  path: Assets/UniOSC/Examples/Resources/UniOSCMaterial.mat
  artifactKey: Guid(71ca50771f16ad84995242580524a325) Importer(815301076,1909f56bfc062723c751e8b465ee728b)
Start importing Assets/UniOSC/Examples/Resources/UniOSCMaterial.mat using Guid(71ca50771f16ad84995242580524a325) Importer(815301076,1909f56bfc062723c751e8b465ee728b)  -> (artifact id: '2899db378a459deff610dc209313d0d3') in 0.031907 seconds
  Import took 0.061248 seconds .

========================================================================
Received Import Request.
  Time since last request: 0.000283 seconds.
  path: Assets/UniOSC/Examples/Resources/uniOSC.Headline.fbx.fbx
  artifactKey: Guid(a323420caf200f748a45d01be3384616) Importer(815301076,1909f56bfc062723c751e8b465ee728b)
Start importing Assets/UniOSC/Examples/Resources/uniOSC.Headline.fbx.fbx using Guid(a323420caf200f748a45d01be3384616) Importer(815301076,1909f56bfc062723c751e8b465ee728b)  -> (artifact id: '211192573a28c7bd0630d3d091da2ec0') in 0.039635 seconds
  Import took 0.077314 seconds .

========================================================================
Received Import Request.
  Time since last request: 0.000311 seconds.
  path: Assets/UniOSC/Examples/Resources/UniOSCBackground.mat
  artifactKey: Guid(3f6d18c74db2ca14a8551ee7086f4819) Importer(815301076,1909f56bfc062723c751e8b465ee728b)
Start importing Assets/UniOSC/Examples/Resources/UniOSCBackground.mat using Guid(3f6d18c74db2ca14a8551ee7086f4819) Importer(815301076,1909f56bfc062723c751e8b465ee728b)  -> (artifact id: 'b1292afd92e3b31e020644901d77da4d') in 0.009208 seconds
  Import took 0.011666 seconds .

========================================================================
Received Import Request.
  Time since last request: 4.595108 seconds.
  path: Assets/UniOSC/Scripts
  artifactKey: Guid(7a078e141ebd5f34ca27ba744b82423e) Importer(815301076,1909f56bfc062723c751e8b465ee728b)
Start importing Assets/UniOSC/Scripts using Guid(7a078e141ebd5f34ca27ba744b82423e) Importer(815301076,1909f56bfc062723c751e8b465ee728b)  -> (artifact id: '5ef43a2008e98a532f5aa71800f6f6d4') in 0.102724 seconds
  Import took 0.116795 seconds .

========================================================================
Received Import Request.
  Time since last request: 1.170865 seconds.
  path: Assets/UniOSC/Scripts/UniOSCSessionItem.cs
  artifactKey: Guid(ebb064c8bcc3b454f9c4ae27fc515c1f) Importer(815301076,1909f56bfc062723c751e8b465ee728b)
Start importing Assets/UniOSC/Scripts/UniOSCSessionItem.cs using Guid(ebb064c8bcc3b454f9c4ae27fc515c1f) Importer(815301076,1909f56bfc062723c751e8b465ee728b)  -> (artifact id: '13ce56f7fc5076523abea6bdaed304a8') in 0.003708 seconds
  Import took 0.006531 seconds .

========================================================================
Received Import Request.
  Time since last request: 2.661087 seconds.
  path: Assets/UniOSC/Scripts/UniOSCTransmitter.cs
  artifactKey: Guid(b44d7ef95215d084e850b476bdaf156c) Importer(815301076,1909f56bfc062723c751e8b465ee728b)
Start importing Assets/UniOSC/Scripts/UniOSCTransmitter.cs using Guid(b44d7ef95215d084e850b476bdaf156c) Importer(815301076,1909f56bfc062723c751e8b465ee728b)  -> (artifact id: '1208054c25fcdb76af91ea2d9a1980f6') in 0.003673 seconds
  Import took 0.164194 seconds .

========================================================================
Received Import Request.
  Time since last request: 1.425066 seconds.
  path: Assets/UniOSC/Scripts/UniOSCReceiver.cs
  artifactKey: Guid(f3b1296b2fdd956429a4713a10e56941) Importer(815301076,1909f56bfc062723c751e8b465ee728b)
Start importing Assets/UniOSC/Scripts/UniOSCReceiver.cs using Guid(f3b1296b2fdd956429a4713a10e56941) Importer(815301076,1909f56bfc062723c751e8b465ee728b)  -> (artifact id: '1103501828e9196332622c97e22212c4') in 0.005399 seconds
  Import took 0.008044 seconds .

========================================================================
Received Import Request.
  Time since last request: 0.583577 seconds.
  path: Assets/UniOSC/Scripts/UniOSCMappingItem.cs
  artifactKey: Guid(d621cdb4f68a4ec48b9104d4aaf6ab9d) Importer(815301076,1909f56bfc062723c751e8b465ee728b)
Start importing Assets/UniOSC/Scripts/UniOSCMappingItem.cs using Guid(d621cdb4f68a4ec48b9104d4aaf6ab9d) Importer(815301076,1909f56bfc062723c751e8b465ee728b)  -> (artifact id: '57843e317ae6a43383469b943db7e3d7') in 0.004960 seconds
  Import took 0.019038 seconds .

========================================================================
Received Import Request.
  Time since last request: 2.819869 seconds.
  path: Assets/UniOSC/Scripts/ScriptableObjects
  artifactKey: Guid(ec075bbc639712a4981f452a1715959b) Importer(815301076,1909f56bfc062723c751e8b465ee728b)
Start importing Assets/UniOSC/Scripts/ScriptableObjects using Guid(ec075bbc639712a4981f452a1715959b) Importer(815301076,1909f56bfc062723c751e8b465ee728b)  -> (artifact id: '349cb29784a4fcd4394adeaf969a5b4f') in 0.106960 seconds
  Import took 0.109593 seconds .

========================================================================
Received Import Request.
  Time since last request: 1.067841 seconds.
  path: Assets/UniOSC/Scripts/ScriptableObjects/UniOSCSessionFileObj.cs
  artifactKey: Guid(4580d00bdf0080c4db95a21835b1f446) Importer(815301076,1909f56bfc062723c751e8b465ee728b)
Start importing Assets/UniOSC/Scripts/ScriptableObjects/UniOSCSessionFileObj.cs using Guid(4580d00bdf0080c4db95a21835b1f446) Importer(815301076,1909f56bfc062723c751e8b465ee728b)  -> (artifact id: '1621fd3eb90a7a74285d232037879553') in 0.003568 seconds
  Import took 0.012719 seconds .

========================================================================
Received Import Request.
  Time since last request: 2.914120 seconds.
  path: Assets/UniOSC/Scripts/ScriptableObjects/UniOSCMappingFileObj.cs
  artifactKey: Guid(491179cae0ea2cc49a39c110834d1f4a) Importer(815301076,1909f56bfc062723c751e8b465ee728b)
Start importing Assets/UniOSC/Scripts/ScriptableObjects/UniOSCMappingFileObj.cs using Guid(491179cae0ea2cc49a39c110834d1f4a) Importer(815301076,1909f56bfc062723c751e8b465ee728b)  -> (artifact id: '7c0b094db5753522e353c1776416a7aa') in 0.003913 seconds
  Import took 0.104087 seconds .

========================================================================
Received Import Request.
  Time since last request: 1.347488 seconds.
  path: Assets/UniOSC/Scripts/ScriptableObjects/UniOSCFileObj.cs
  artifactKey: Guid(d7a84158a21c82842910782bad35e590) Importer(815301076,1909f56bfc062723c751e8b465ee728b)
Start importing Assets/UniOSC/Scripts/ScriptableObjects/UniOSCFileObj.cs using Guid(d7a84158a21c82842910782bad35e590) Importer(815301076,1909f56bfc062723c751e8b465ee728b)  -> (artifact id: '8bcec77e0e588d2ad0880d8b310a99a5') in 0.003712 seconds
  Import took 0.124585 seconds .

========================================================================
Received Import Request.
  Time since last request: 0.511957 seconds.
  path: Assets/UniOSC/Scripts/ScriptableObjects/UniOSCEditorConfigObj.cs
  artifactKey: Guid(961104b366b3ea3438284ace89d20242) Importer(815301076,1909f56bfc062723c751e8b465ee728b)
Start importing Assets/UniOSC/Scripts/ScriptableObjects/UniOSCEditorConfigObj.cs using Guid(961104b366b3ea3438284ace89d20242) Importer(815301076,1909f56bfc062723c751e8b465ee728b)  -> (artifact id: '5410c9ed034fc8cd04eea64d21cd57c5') in 0.003513 seconds
  Import took 0.109392 seconds .

========================================================================
Received Import Request.
  Time since last request: 3.561779 seconds.
  path: Assets/UniOSC/Scripts/Example.Components
  artifactKey: Guid(6856698483de42841aeb8809fce3de50) Importer(815301076,1909f56bfc062723c751e8b465ee728b)
Start importing Assets/UniOSC/Scripts/Example.Components using Guid(6856698483de42841aeb8809fce3de50) Importer(815301076,1909f56bfc062723c751e8b465ee728b)  -> (artifact id: 'd4f9cb36b85d96bda43b75c2a9625366') in 0.072354 seconds
  Import took 0.081666 seconds .

========================================================================
Received Prepare
Registering precompiled user dll's ...
Registered in 0.002285 seconds.
Begin MonoManager ReloadAssembly
Native extension for WindowsStandalone target not found
Native extension for WebGL target not found
Refreshing native plugins compatible for Editor in 0.58 ms, found 4 plugins.
Preloading 1 native plugins for Editor in 0.04 ms.
Mono: successfully reloaded assembly
- Completed reload, in  0.667 seconds
Platform modules already initialized, skipping
Switching build target platform(5) subTarget(0) extendedPlatform(0) -> platform(13) subTarget(524288) extendedPlatform(0)
Shader 'Oculus/OVRMRCameraFrameLit': fallback shader 'Alpha-Diffuse' not found
Refreshing native plugins compatible for Editor in 0.56 ms, found 4 plugins.
Preloading 1 native plugins for Editor in 0.03 ms.
Unloading 1898 Unused Serialized files (Serialized files now loaded: 0)
System memory in use before: 93.7 MB.
System memory in use after: 93.8 MB.

Unloading 33 unused Assets to reduce memory usage. Loaded Objects now: 2444.
Total: 1.827700 ms (FindLiveObjects: 0.232100 ms CreateObjectMapping: 0.064400 ms MarkObjects: 1.476100 ms  DeleteObjects: 0.054000 ms)

AssetImportParameters requested are different than current active one (requested -> active):
  custom:graphics/normal-map-encoding: 01000000000000000000000000000000 -> 02000000000000000000000000000000
========================================================================
Received Import Request.
  Time since last request: 554.508828 seconds.
  path: Assets/Scripts/PhoneVibration.cs
  artifactKey: Guid(4a4d9beb762ac0441909e17e67577856) Importer(815301076,1909f56bfc062723c751e8b465ee728b)
Start importing Assets/Scripts/PhoneVibration.cs using Guid(4a4d9beb762ac0441909e17e67577856) Importer(815301076,1909f56bfc062723c751e8b465ee728b)  -> (artifact id: '412797b0cc147f920cf0efcef73609fc') in 0.007501 seconds
  Import took 0.010870 seconds .

========================================================================
Received Prepare
Registering precompiled user dll's ...
Registered in 0.002671 seconds.
Begin MonoManager ReloadAssembly
Native extension for WindowsStandalone target not found
Native extension for WebGL target not found
Refreshing native plugins compatible for Editor in 0.57 ms, found 4 plugins.
Preloading 1 native plugins for Editor in 0.04 ms.
Mono: successfully reloaded assembly
- Completed reload, in  0.713 seconds
Platform modules already initialized, skipping
Switching build target platform(5) subTarget(0) extendedPlatform(0) -> platform(13) subTarget(524288) extendedPlatform(0)
Shader 'Oculus/OVRMRCameraFrameLit': fallback shader 'Alpha-Diffuse' not found
Refreshing native plugins compatible for Editor in 0.60 ms, found 4 plugins.
Preloading 1 native plugins for Editor in 0.04 ms.
Unloading 1899 Unused Serialized files (Serialized files now loaded: 0)
System memory in use before: 93.7 MB.
System memory in use after: 93.8 MB.

Unloading 32 unused Assets to reduce memory usage. Loaded Objects now: 2451.
Total: 2.184200 ms (FindLiveObjects: 0.272600 ms CreateObjectMapping: 0.094100 ms MarkObjects: 1.766800 ms  DeleteObjects: 0.049700 ms)

AssetImportParameters requested are different than current active one (requested -> active):
  custom:graphics/normal-map-encoding: 01000000000000000000000000000000 -> 02000000000000000000000000000000
========================================================================
Received Prepare
Registering precompiled user dll's ...
Registered in 0.002166 seconds.
Begin MonoManager ReloadAssembly
Native extension for WindowsStandalone target not found
Native extension for WebGL target not found
Refreshing native plugins compatible for Editor in 0.57 ms, found 4 plugins.
Preloading 1 native plugins for Editor in 0.03 ms.
Mono: successfully reloaded assembly
- Completed reload, in  0.680 seconds
Platform modules already initialized, skipping
Switching build target platform(5) subTarget(0) extendedPlatform(0) -> platform(13) subTarget(524288) extendedPlatform(0)
Shader 'Oculus/OVRMRCameraFrameLit': fallback shader 'Alpha-Diffuse' not found
Refreshing native plugins compatible for Editor in 0.56 ms, found 4 plugins.
Preloading 1 native plugins for Editor in 0.03 ms.
Unloading 1899 Unused Serialized files (Serialized files now loaded: 0)
System memory in use before: 93.8 MB.
System memory in use after: 93.9 MB.

Unloading 32 unused Assets to reduce memory usage. Loaded Objects now: 2457.
Total: 1.691300 ms (FindLiveObjects: 0.198600 ms CreateObjectMapping: 0.073500 ms MarkObjects: 1.367700 ms  DeleteObjects: 0.050800 ms)

AssetImportParameters requested are different than current active one (requested -> active):
  custom:graphics/normal-map-encoding: 01000000000000000000000000000000 -> 02000000000000000000000000000000
========================================================================
Received Import Request.
  Time since last request: 13.976335 seconds.
  path: Assets/Scripts/PhoneVibration.cs
  artifactKey: Guid(4a4d9beb762ac0441909e17e67577856) Importer(815301076,1909f56bfc062723c751e8b465ee728b)
Start importing Assets/Scripts/PhoneVibration.cs using Guid(4a4d9beb762ac0441909e17e67577856) Importer(815301076,1909f56bfc062723c751e8b465ee728b)  -> (artifact id: 'c5da57f5493bb2dc2115c2e2c5a1edb6') in 0.005971 seconds
  Import took 0.136267 seconds .

========================================================================
Received Prepare
Registering precompiled user dll's ...
Registered in 0.002241 seconds.
Begin MonoManager ReloadAssembly
Native extension for WindowsStandalone target not found
Native extension for WebGL target not found
Refreshing native plugins compatible for Editor in 0.56 ms, found 4 plugins.
Preloading 1 native plugins for Editor in 0.04 ms.
Mono: successfully reloaded assembly
- Completed reload, in  0.694 seconds
Platform modules already initialized, skipping
Switching build target platform(5) subTarget(0) extendedPlatform(0) -> platform(13) subTarget(524288) extendedPlatform(0)
Shader 'Oculus/OVRMRCameraFrameLit': fallback shader 'Alpha-Diffuse' not found
Refreshing native plugins compatible for Editor in 0.56 ms, found 4 plugins.
Preloading 1 native plugins for Editor in 0.03 ms.
Unloading 1899 Unused Serialized files (Serialized files now loaded: 0)
System memory in use before: 93.8 MB.
System memory in use after: 93.9 MB.

Unloading 32 unused Assets to reduce memory usage. Loaded Objects now: 2463.
Total: 1.822600 ms (FindLiveObjects: 0.217200 ms CreateObjectMapping: 0.072700 ms MarkObjects: 1.476100 ms  DeleteObjects: 0.055200 ms)

AssetImportParameters requested are different than current active one (requested -> active):
  custom:graphics/normal-map-encoding: 01000000000000000000000000000000 -> 02000000000000000000000000000000
========================================================================
Received Prepare
Shader 'Oculus/OVRMRCameraFrameLit': fallback shader 'Alpha-Diffuse' not found
Refreshing native plugins compatible for Editor in 5.18 ms, found 4 plugins.
Preloading 1 native plugins for Editor in 0.03 ms.
Unloading 29 Unused Serialized files (Serialized files now loaded: 0)
System memory in use before: 56.7 MB.
System memory in use after: 56.8 MB.

Unloading 29 unused Assets to reduce memory usage. Loaded Objects now: 2463.
Total: 1.655200 ms (FindLiveObjects: 0.198400 ms CreateObjectMapping: 0.060400 ms MarkObjects: 1.342000 ms  DeleteObjects: 0.053500 ms)

